<?xml version="1.0" encoding="UTF-8"?>
<testng-results ignored="0" total="1" passed="1" failed="0" skipped="0">
  <reporter-output>
    <line>
      <![CDATA[create customer]]>
    </line>
    <line>
      <![CDATA[logout]]>
    </line>
    <line>
      <![CDATA[close browser]]>
    </line>
  </reporter-output>
  <suite started-at="2023-05-30T21:32:48 IST" name="Suite" finished-at="2023-05-30T21:33:04 IST" duration-ms="15852">
    <groups>
    </groups>
    <test started-at="2023-05-30T21:32:48 IST" name="Test" finished-at="2023-05-30T21:33:04 IST" duration-ms="15852">
      <class name="com.actitime.testscript.CustomerModule">
        <test-method is-config="true" signature="openBrowser()[pri:0, instance:com.actitime.testscript.CustomerModule@15c43bd9]" started-at="2023-05-30T21:32:48 IST" name="openBrowser" finished-at="2023-05-30T21:32:49 IST" duration-ms="1124" status="PASS">
          <reporter-output>
          </reporter-output>
        </test-method> <!-- openBrowser -->
        <test-method is-config="true" signature="login()[pri:0, instance:com.actitime.testscript.CustomerModule@15c43bd9]" started-at="2023-05-30T21:32:49 IST" name="login" finished-at="2023-05-30T21:32:57 IST" duration-ms="7610" status="PASS">
          <reporter-output>
          </reporter-output>
        </test-method> <!-- login -->
        <test-method signature="testcreateCustomer()[pri:0, instance:com.actitime.testscript.CustomerModule@15c43bd9]" started-at="2023-05-30T21:32:57 IST" name="testcreateCustomer" finished-at="2023-05-30T21:33:04 IST" duration-ms="7016" status="PASS">
          <reporter-output>
            <line>
              <![CDATA[create customer]]>
            </line>
          </reporter-output>
        </test-method> <!-- testcreateCustomer -->
        <test-method is-config="true" signature="logout()[pri:0, instance:com.actitime.testscript.CustomerModule@15c43bd9]" started-at="2023-05-30T21:33:04 IST" name="logout" finished-at="2023-05-30T21:33:04 IST" duration-ms="1" status="PASS">
          <reporter-output>
            <line>
              <![CDATA[logout]]>
            </line>
          </reporter-output>
        </test-method> <!-- logout -->
        <test-method is-config="true" signature="closeBrowser()[pri:0, instance:com.actitime.testscript.CustomerModule@15c43bd9]" started-at="2023-05-30T21:33:04 IST" name="closeBrowser" finished-at="2023-05-30T21:33:04 IST" duration-ms="84" status="PASS">
          <reporter-output>
            <line>
              <![CDATA[close browser]]>
            </line>
          </reporter-output>
        </test-method> <!-- closeBrowser -->
      </class> <!-- com.actitime.testscript.CustomerModule -->
    </test> <!-- Test -->
  </suite> <!-- Suite -->
</testng-results>
